

Started GET "/" for 127.0.0.1 at 2015-11-18 17:54:35 +0200
Processing by Rails::WelcomeController#index as HTML
  Rendered /usr/lib/ruby/gems/1.9.1/gems/railties-4.2.5/lib/rails/templates/rails/welcome/index.html.erb (2.8ms)
Completed 200 OK in 76ms (Views: 40.1ms)


Started GET "/phpmongodb" for 127.0.0.1 at 2015-11-18 17:57:34 +0200

ActionController::RoutingError (No route matches [GET] "/phpmongodb"):
  actionpack (4.2.5) lib/action_dispatch/middleware/debug_exceptions.rb:21:in `call'
  web-console (2.2.1) lib/web_console/middleware.rb:39:in `call'
  actionpack (4.2.5) lib/action_dispatch/middleware/show_exceptions.rb:30:in `call'
  railties (4.2.5) lib/rails/rack/logger.rb:38:in `call_app'
  railties (4.2.5) lib/rails/rack/logger.rb:20:in `block in call'
  activesupport (4.2.5) lib/active_support/tagged_logging.rb:68:in `block in tagged'
  activesupport (4.2.5) lib/active_support/tagged_logging.rb:26:in `tagged'
  activesupport (4.2.5) lib/active_support/tagged_logging.rb:68:in `tagged'
  railties (4.2.5) lib/rails/rack/logger.rb:20:in `call'
  actionpack (4.2.5) lib/action_dispatch/middleware/request_id.rb:21:in `call'
  rack (1.6.4) lib/rack/methodoverride.rb:22:in `call'
  rack (1.6.4) lib/rack/runtime.rb:18:in `call'
  activesupport (4.2.5) lib/active_support/cache/strategy/local_cache_middleware.rb:28:in `call'
  rack (1.6.4) lib/rack/lock.rb:17:in `call'
  actionpack (4.2.5) lib/action_dispatch/middleware/static.rb:116:in `call'
  rack (1.6.4) lib/rack/sendfile.rb:113:in `call'
  railties (4.2.5) lib/rails/engine.rb:518:in `call'
  railties (4.2.5) lib/rails/application.rb:165:in `call'
  rack (1.6.4) lib/rack/lock.rb:17:in `call'
  rack (1.6.4) lib/rack/content_length.rb:15:in `call'
  rack (1.6.4) lib/rack/handler/webrick.rb:88:in `service'
  /usr/lib/ruby/1.9.1/webrick/httpserver.rb:138:in `service'
  /usr/lib/ruby/1.9.1/webrick/httpserver.rb:94:in `run'
  /usr/lib/ruby/1.9.1/webrick/server.rb:191:in `block in start_thread'


  Rendered /usr/lib/ruby/gems/1.9.1/gems/actionpack-4.2.5/lib/action_dispatch/middleware/templates/rescues/_trace.html.erb (1.6ms)
  Rendered /usr/lib/ruby/gems/1.9.1/gems/actionpack-4.2.5/lib/action_dispatch/middleware/templates/routes/_table.html.erb (7.1ms)
  Rendered /usr/lib/ruby/gems/1.9.1/gems/actionpack-4.2.5/lib/action_dispatch/middleware/templates/rescues/_request_and_response.html.erb (0.8ms)
  Rendered /usr/lib/ruby/gems/1.9.1/gems/actionpack-4.2.5/lib/action_dispatch/middleware/templates/rescues/routing_error.html.erb within rescues/layout (59.9ms)
  Rendered /usr/lib/ruby/gems/1.9.1/gems/web-console-2.2.1/lib/web_console/templates/_markup.html.erb (0.4ms)
  Rendered /usr/lib/ruby/gems/1.9.1/gems/web-console-2.2.1/lib/web_console/templates/_inner_console_markup.html.erb within layouts/inlined_string (0.2ms)
  Rendered /usr/lib/ruby/gems/1.9.1/gems/web-console-2.2.1/lib/web_console/templates/_prompt_box_markup.html.erb within layouts/inlined_string (0.2ms)
  Rendered /usr/lib/ruby/gems/1.9.1/gems/web-console-2.2.1/lib/web_console/templates/style.css.erb within layouts/inlined_string (0.2ms)
  Rendered /usr/lib/ruby/gems/1.9.1/gems/web-console-2.2.1/lib/web_console/templates/console.js.erb within layouts/javascript (9.5ms)
  Rendered /usr/lib/ruby/gems/1.9.1/gems/web-console-2.2.1/lib/web_console/templates/main.js.erb within layouts/javascript (0.3ms)
  Rendered /usr/lib/ruby/gems/1.9.1/gems/web-console-2.2.1/lib/web_console/templates/error_page.js.erb within layouts/javascript (0.4ms)
  Rendered /usr/lib/ruby/gems/1.9.1/gems/web-console-2.2.1/lib/web_console/templates/index.html.erb (21.4ms)


Started GET "/phpmongodb" for 127.0.0.1 at 2015-11-18 17:58:05 +0200

ActionController::RoutingError (No route matches [GET] "/phpmongodb"):
  actionpack (4.2.5) lib/action_dispatch/middleware/debug_exceptions.rb:21:in `call'
  web-console (2.2.1) lib/web_console/middleware.rb:39:in `call'
  actionpack (4.2.5) lib/action_dispatch/middleware/show_exceptions.rb:30:in `call'
  railties (4.2.5) lib/rails/rack/logger.rb:38:in `call_app'
  railties (4.2.5) lib/rails/rack/logger.rb:20:in `block in call'
  activesupport (4.2.5) lib/active_support/tagged_logging.rb:68:in `block in tagged'
  activesupport (4.2.5) lib/active_support/tagged_logging.rb:26:in `tagged'
  activesupport (4.2.5) lib/active_support/tagged_logging.rb:68:in `tagged'
  railties (4.2.5) lib/rails/rack/logger.rb:20:in `call'
  actionpack (4.2.5) lib/action_dispatch/middleware/request_id.rb:21:in `call'
  rack (1.6.4) lib/rack/methodoverride.rb:22:in `call'
  rack (1.6.4) lib/rack/runtime.rb:18:in `call'
  activesupport (4.2.5) lib/active_support/cache/strategy/local_cache_middleware.rb:28:in `call'
  rack (1.6.4) lib/rack/lock.rb:17:in `call'
  actionpack (4.2.5) lib/action_dispatch/middleware/static.rb:116:in `call'
  rack (1.6.4) lib/rack/sendfile.rb:113:in `call'
  railties (4.2.5) lib/rails/engine.rb:518:in `call'
  railties (4.2.5) lib/rails/application.rb:165:in `call'
  rack (1.6.4) lib/rack/lock.rb:17:in `call'
  rack (1.6.4) lib/rack/content_length.rb:15:in `call'
  rack (1.6.4) lib/rack/handler/webrick.rb:88:in `service'
  /usr/lib/ruby/1.9.1/webrick/httpserver.rb:138:in `service'
  /usr/lib/ruby/1.9.1/webrick/httpserver.rb:94:in `run'
  /usr/lib/ruby/1.9.1/webrick/server.rb:191:in `block in start_thread'


  Rendered /usr/lib/ruby/gems/1.9.1/gems/actionpack-4.2.5/lib/action_dispatch/middleware/templates/rescues/_trace.html.erb (1.0ms)
  Rendered /usr/lib/ruby/gems/1.9.1/gems/actionpack-4.2.5/lib/action_dispatch/middleware/templates/routes/_table.html.erb (35.6ms)
  Rendered /usr/lib/ruby/gems/1.9.1/gems/actionpack-4.2.5/lib/action_dispatch/middleware/templates/rescues/_request_and_response.html.erb (8.3ms)
  Rendered /usr/lib/ruby/gems/1.9.1/gems/actionpack-4.2.5/lib/action_dispatch/middleware/templates/rescues/routing_error.html.erb within rescues/layout (81.8ms)
  Rendered /usr/lib/ruby/gems/1.9.1/gems/web-console-2.2.1/lib/web_console/templates/_markup.html.erb (0.2ms)
  Rendered /usr/lib/ruby/gems/1.9.1/gems/web-console-2.2.1/lib/web_console/templates/_inner_console_markup.html.erb within layouts/inlined_string (0.2ms)
  Rendered /usr/lib/ruby/gems/1.9.1/gems/web-console-2.2.1/lib/web_console/templates/_prompt_box_markup.html.erb within layouts/inlined_string (0.2ms)
  Rendered /usr/lib/ruby/gems/1.9.1/gems/web-console-2.2.1/lib/web_console/templates/style.css.erb within layouts/inlined_string (0.4ms)
  Rendered /usr/lib/ruby/gems/1.9.1/gems/web-console-2.2.1/lib/web_console/templates/console.js.erb within layouts/javascript (9.1ms)
  Rendered /usr/lib/ruby/gems/1.9.1/gems/web-console-2.2.1/lib/web_console/templates/main.js.erb within layouts/javascript (0.2ms)
  Rendered /usr/lib/ruby/gems/1.9.1/gems/web-console-2.2.1/lib/web_console/templates/error_page.js.erb within layouts/javascript (0.2ms)
  Rendered /usr/lib/ruby/gems/1.9.1/gems/web-console-2.2.1/lib/web_console/templates/index.html.erb (18.3ms)


Started GET "/" for 127.0.0.1 at 2015-11-30 15:26:05 +0200
Processing by Rails::WelcomeController#index as HTML
  Rendered /usr/lib/ruby/gems/1.9.1/gems/railties-4.2.5/lib/rails/templates/rails/welcome/index.html.erb (2.6ms)
Completed 200 OK in 102ms (Views: 55.0ms)


Started GET "/" for 127.0.0.1 at 2015-11-30 15:37:24 +0200
Processing by HomeController#index as HTML
  Rendered home/index.html.erb within layouts/application (0.2ms)
Completed 200 OK in 1132ms (Views: 1131.8ms)


Started GET "/assets/home.self-e3b0c44298fc1c149afbf4c8996fb92427ae41e4649b934ca495991b7852b855.css?body=1" for 127.0.0.1 at 2015-11-30 15:37:25 +0200


Started GET "/assets/application.self-e80e8f2318043e8af94dddc2adad5a4f09739a8ebb323b3ab31cd71d45fd9113.css?body=1" for 127.0.0.1 at 2015-11-30 15:37:25 +0200


Started GET "/assets/jquery.self-a714331225dda820228db323939889f149aec0127aeb06255646b616ba1ca419.js?body=1" for 127.0.0.1 at 2015-11-30 15:37:25 +0200


Started GET "/assets/jquery_ujs.self-d456baa54c1fa6be2ec3711f0a72ddf7a5b2f34a6b4f515f33767d6207b7d4b3.js?body=1" for 127.0.0.1 at 2015-11-30 15:37:25 +0200


Started GET "/assets/turbolinks.self-c37727e9bd6b2735da5c311aa83fead54ed0be6cc8bd9a65309e9c5abe2cbfff.js?body=1" for 127.0.0.1 at 2015-11-30 15:37:25 +0200


Started GET "/assets/application.self-3b8dabdc891efe46b9a144b400ad69e37d7e5876bdc39dee783419a69d7ca819.js?body=1" for 127.0.0.1 at 2015-11-30 15:37:25 +0200


Started GET "/assets/home.self-877aef30ae1b040ab8a3aba4e3e309a11d7f2612f44dde450b5c157aa5f95c05.js?body=1" for 127.0.0.1 at 2015-11-30 15:37:25 +0200


Started GET "/" for 127.0.0.1 at 2016-01-06 19:45:07 +0200
Processing by HomeController#index as HTML
  Rendered home/index.html.erb within layouts/application (1.4ms)
Completed 200 OK in 995ms (Views: 987.7ms)


Started GET "/assets/home.self-e3b0c44298fc1c149afbf4c8996fb92427ae41e4649b934ca495991b7852b855.css?body=1" for 127.0.0.1 at 2016-01-06 19:45:08 +0200


Started GET "/assets/application.self-e80e8f2318043e8af94dddc2adad5a4f09739a8ebb323b3ab31cd71d45fd9113.css?body=1" for 127.0.0.1 at 2016-01-06 19:45:08 +0200


Started GET "/assets/jquery.self-a714331225dda820228db323939889f149aec0127aeb06255646b616ba1ca419.js?body=1" for 127.0.0.1 at 2016-01-06 19:45:08 +0200


Started GET "/assets/jquery_ujs.self-d456baa54c1fa6be2ec3711f0a72ddf7a5b2f34a6b4f515f33767d6207b7d4b3.js?body=1" for 127.0.0.1 at 2016-01-06 19:45:09 +0200


Started GET "/assets/home.self-877aef30ae1b040ab8a3aba4e3e309a11d7f2612f44dde450b5c157aa5f95c05.js?body=1" for 127.0.0.1 at 2016-01-06 19:45:09 +0200


Started GET "/assets/turbolinks.self-c37727e9bd6b2735da5c311aa83fead54ed0be6cc8bd9a65309e9c5abe2cbfff.js?body=1" for 127.0.0.1 at 2016-01-06 19:45:09 +0200


Started GET "/assets/application.self-3b8dabdc891efe46b9a144b400ad69e37d7e5876bdc39dee783419a69d7ca819.js?body=1" for 127.0.0.1 at 2016-01-06 19:45:09 +0200


Started GET "/" for 127.0.0.1 at 2016-01-06 21:19:14 +0200
Processing by HomeController#index as HTML
  Rendered home/index.html.erb within layouts/application (0.8ms)
Completed 200 OK in 568ms (Views: 557.5ms)


Started GET "/assets/scaffolds.self-3e19259cc8a21af01875ac55e734ec94062e6ad396d1f840314a7e7c4bf1dfc9.css?body=1" for 127.0.0.1 at 2016-01-06 21:19:15 +0200


Started GET "/assets/txt_files.self-877aef30ae1b040ab8a3aba4e3e309a11d7f2612f44dde450b5c157aa5f95c05.js?body=1" for 127.0.0.1 at 2016-01-06 21:19:15 +0200


Started GET "/assets/txt_files.self-e3b0c44298fc1c149afbf4c8996fb92427ae41e4649b934ca495991b7852b855.css?body=1" for 127.0.0.1 at 2016-01-06 21:19:15 +0200


Started GET "/txtfiles/new" for 127.0.0.1 at 2016-01-06 21:19:23 +0200

ActionController::RoutingError (No route matches [GET] "/txtfiles/new"):
  actionpack (4.2.5) lib/action_dispatch/middleware/debug_exceptions.rb:21:in `call'
  web-console (2.2.1) lib/web_console/middleware.rb:39:in `call'
  actionpack (4.2.5) lib/action_dispatch/middleware/show_exceptions.rb:30:in `call'
  railties (4.2.5) lib/rails/rack/logger.rb:38:in `call_app'
  railties (4.2.5) lib/rails/rack/logger.rb:20:in `block in call'
  activesupport (4.2.5) lib/active_support/tagged_logging.rb:68:in `block in tagged'
  activesupport (4.2.5) lib/active_support/tagged_logging.rb:26:in `tagged'
  activesupport (4.2.5) lib/active_support/tagged_logging.rb:68:in `tagged'
  railties (4.2.5) lib/rails/rack/logger.rb:20:in `call'
  actionpack (4.2.5) lib/action_dispatch/middleware/request_id.rb:21:in `call'
  rack (1.6.4) lib/rack/methodoverride.rb:22:in `call'
  rack (1.6.4) lib/rack/runtime.rb:18:in `call'
  activesupport (4.2.5) lib/active_support/cache/strategy/local_cache_middleware.rb:28:in `call'
  rack (1.6.4) lib/rack/lock.rb:17:in `call'
  actionpack (4.2.5) lib/action_dispatch/middleware/static.rb:116:in `call'
  rack (1.6.4) lib/rack/sendfile.rb:113:in `call'
  railties (4.2.5) lib/rails/engine.rb:518:in `call'
  railties (4.2.5) lib/rails/application.rb:165:in `call'
  rack (1.6.4) lib/rack/lock.rb:17:in `call'
  rack (1.6.4) lib/rack/content_length.rb:15:in `call'
  rack (1.6.4) lib/rack/handler/webrick.rb:88:in `service'
  /home/ahmed/.rbenv/versions/2.0.0-p647/lib/ruby/2.0.0/webrick/httpserver.rb:138:in `service'
  /home/ahmed/.rbenv/versions/2.0.0-p647/lib/ruby/2.0.0/webrick/httpserver.rb:94:in `run'
  /home/ahmed/.rbenv/versions/2.0.0-p647/lib/ruby/2.0.0/webrick/server.rb:295:in `block in start_thread'


  Rendered /home/ahmed/.rbenv/versions/2.0.0-p647/lib/ruby/gems/2.0.0/gems/actionpack-4.2.5/lib/action_dispatch/middleware/templates/rescues/_trace.html.erb (1.1ms)
  Rendered /home/ahmed/.rbenv/versions/2.0.0-p647/lib/ruby/gems/2.0.0/gems/actionpack-4.2.5/lib/action_dispatch/middleware/templates/routes/_route.html.erb (1.0ms)
  Rendered /home/ahmed/.rbenv/versions/2.0.0-p647/lib/ruby/gems/2.0.0/gems/actionpack-4.2.5/lib/action_dispatch/middleware/templates/routes/_table.html.erb (55.7ms)
  Rendered /home/ahmed/.rbenv/versions/2.0.0-p647/lib/ruby/gems/2.0.0/gems/actionpack-4.2.5/lib/action_dispatch/middleware/templates/rescues/_request_and_response.html.erb (1.2ms)
  Rendered /home/ahmed/.rbenv/versions/2.0.0-p647/lib/ruby/gems/2.0.0/gems/actionpack-4.2.5/lib/action_dispatch/middleware/templates/rescues/routing_error.html.erb within rescues/layout (98.1ms)
  Rendered /home/ahmed/.rbenv/versions/2.0.0-p647/lib/ruby/gems/2.0.0/gems/web-console-2.2.1/lib/web_console/templates/_markup.html.erb (0.4ms)
  Rendered /home/ahmed/.rbenv/versions/2.0.0-p647/lib/ruby/gems/2.0.0/gems/web-console-2.2.1/lib/web_console/templates/_inner_console_markup.html.erb within layouts/inlined_string (0.3ms)
  Rendered /home/ahmed/.rbenv/versions/2.0.0-p647/lib/ruby/gems/2.0.0/gems/web-console-2.2.1/lib/web_console/templates/_prompt_box_markup.html.erb within layouts/inlined_string (0.4ms)
  Rendered /home/ahmed/.rbenv/versions/2.0.0-p647/lib/ruby/gems/2.0.0/gems/web-console-2.2.1/lib/web_console/templates/style.css.erb within layouts/inlined_string (0.4ms)
  Rendered /home/ahmed/.rbenv/versions/2.0.0-p647/lib/ruby/gems/2.0.0/gems/web-console-2.2.1/lib/web_console/templates/console.js.erb within layouts/javascript (14.3ms)
  Rendered /home/ahmed/.rbenv/versions/2.0.0-p647/lib/ruby/gems/2.0.0/gems/web-console-2.2.1/lib/web_console/templates/main.js.erb within layouts/javascript (0.4ms)
  Rendered /home/ahmed/.rbenv/versions/2.0.0-p647/lib/ruby/gems/2.0.0/gems/web-console-2.2.1/lib/web_console/templates/error_page.js.erb within layouts/javascript (0.3ms)
  Rendered /home/ahmed/.rbenv/versions/2.0.0-p647/lib/ruby/gems/2.0.0/gems/web-console-2.2.1/lib/web_console/templates/index.html.erb (29.8ms)


Started GET "/txtfiles/" for 127.0.0.1 at 2016-01-06 21:19:36 +0200

ActionController::RoutingError (No route matches [GET] "/txtfiles"):
  actionpack (4.2.5) lib/action_dispatch/middleware/debug_exceptions.rb:21:in `call'
  web-console (2.2.1) lib/web_console/middleware.rb:39:in `call'
  actionpack (4.2.5) lib/action_dispatch/middleware/show_exceptions.rb:30:in `call'
  railties (4.2.5) lib/rails/rack/logger.rb:38:in `call_app'
  railties (4.2.5) lib/rails/rack/logger.rb:20:in `block in call'
  activesupport (4.2.5) lib/active_support/tagged_logging.rb:68:in `block in tagged'
  activesupport (4.2.5) lib/active_support/tagged_logging.rb:26:in `tagged'
  activesupport (4.2.5) lib/active_support/tagged_logging.rb:68:in `tagged'
  railties (4.2.5) lib/rails/rack/logger.rb:20:in `call'
  actionpack (4.2.5) lib/action_dispatch/middleware/request_id.rb:21:in `call'
  rack (1.6.4) lib/rack/methodoverride.rb:22:in `call'
  rack (1.6.4) lib/rack/runtime.rb:18:in `call'
  activesupport (4.2.5) lib/active_support/cache/strategy/local_cache_middleware.rb:28:in `call'
  rack (1.6.4) lib/rack/lock.rb:17:in `call'
  actionpack (4.2.5) lib/action_dispatch/middleware/static.rb:116:in `call'
  rack (1.6.4) lib/rack/sendfile.rb:113:in `call'
  railties (4.2.5) lib/rails/engine.rb:518:in `call'
  railties (4.2.5) lib/rails/application.rb:165:in `call'
  rack (1.6.4) lib/rack/lock.rb:17:in `call'
  rack (1.6.4) lib/rack/content_length.rb:15:in `call'
  rack (1.6.4) lib/rack/handler/webrick.rb:88:in `service'
  /home/ahmed/.rbenv/versions/2.0.0-p647/lib/ruby/2.0.0/webrick/httpserver.rb:138:in `service'
  /home/ahmed/.rbenv/versions/2.0.0-p647/lib/ruby/2.0.0/webrick/httpserver.rb:94:in `run'
  /home/ahmed/.rbenv/versions/2.0.0-p647/lib/ruby/2.0.0/webrick/server.rb:295:in `block in start_thread'


  Rendered /home/ahmed/.rbenv/versions/2.0.0-p647/lib/ruby/gems/2.0.0/gems/actionpack-4.2.5/lib/action_dispatch/middleware/templates/rescues/_trace.html.erb (1.0ms)
  Rendered /home/ahmed/.rbenv/versions/2.0.0-p647/lib/ruby/gems/2.0.0/gems/actionpack-4.2.5/lib/action_dispatch/middleware/templates/routes/_route.html.erb (0.7ms)
  Rendered /home/ahmed/.rbenv/versions/2.0.0-p647/lib/ruby/gems/2.0.0/gems/actionpack-4.2.5/lib/action_dispatch/middleware/templates/routes/_table.html.erb (1.1ms)
  Rendered /home/ahmed/.rbenv/versions/2.0.0-p647/lib/ruby/gems/2.0.0/gems/actionpack-4.2.5/lib/action_dispatch/middleware/templates/rescues/_request_and_response.html.erb (1.7ms)
  Rendered /home/ahmed/.rbenv/versions/2.0.0-p647/lib/ruby/gems/2.0.0/gems/actionpack-4.2.5/lib/action_dispatch/middleware/templates/rescues/routing_error.html.erb within rescues/layout (19.0ms)
  Rendered /home/ahmed/.rbenv/versions/2.0.0-p647/lib/ruby/gems/2.0.0/gems/web-console-2.2.1/lib/web_console/templates/_markup.html.erb (0.3ms)
  Rendered /home/ahmed/.rbenv/versions/2.0.0-p647/lib/ruby/gems/2.0.0/gems/web-console-2.2.1/lib/web_console/templates/_inner_console_markup.html.erb within layouts/inlined_string (0.3ms)
  Rendered /home/ahmed/.rbenv/versions/2.0.0-p647/lib/ruby/gems/2.0.0/gems/web-console-2.2.1/lib/web_console/templates/_prompt_box_markup.html.erb within layouts/inlined_string (0.4ms)
  Rendered /home/ahmed/.rbenv/versions/2.0.0-p647/lib/ruby/gems/2.0.0/gems/web-console-2.2.1/lib/web_console/templates/style.css.erb within layouts/inlined_string (0.3ms)
  Rendered /home/ahmed/.rbenv/versions/2.0.0-p647/lib/ruby/gems/2.0.0/gems/web-console-2.2.1/lib/web_console/templates/console.js.erb within layouts/javascript (11.5ms)
  Rendered /home/ahmed/.rbenv/versions/2.0.0-p647/lib/ruby/gems/2.0.0/gems/web-console-2.2.1/lib/web_console/templates/main.js.erb within layouts/javascript (0.2ms)
  Rendered /home/ahmed/.rbenv/versions/2.0.0-p647/lib/ruby/gems/2.0.0/gems/web-console-2.2.1/lib/web_console/templates/error_page.js.erb within layouts/javascript (0.3ms)
  Rendered /home/ahmed/.rbenv/versions/2.0.0-p647/lib/ruby/gems/2.0.0/gems/web-console-2.2.1/lib/web_console/templates/index.html.erb (22.9ms)


Started GET "/" for 127.0.0.1 at 2016-01-06 21:21:44 +0200
Processing by HomeController#index as HTML
  Rendered home/index.html.erb within layouts/application (0.1ms)
Completed 200 OK in 15ms (Views: 14.6ms)


Started GET "/txt_files" for 127.0.0.1 at 2016-01-06 21:23:06 +0200
Processing by TxtFilesController#index as HTML
MONGODB | Adding localhost:27017 to the cluster.
MONGODB | localhost:27017 | rails_app_development.find | STARTED | {"find"=>"txt_files", "filter"=>{}}
MONGODB | localhost:27017 | rails_app_development.find | SUCCEEDED | 0.000383642s
  Rendered txt_files/index.html.erb within layouts/application (3.1ms)
Completed 200 OK in 109ms (Views: 18.5ms)


Started GET "/txt_files/new" for 127.0.0.1 at 2016-01-06 21:23:08 +0200
Processing by TxtFilesController#new as HTML
  Rendered txt_files/_form.html.erb (57.2ms)
  Rendered txt_files/new.html.erb within layouts/application (58.7ms)
Completed 200 OK in 73ms (Views: 71.9ms)


Started GET "/txt_files" for 127.0.0.1 at 2016-01-06 21:23:11 +0200
Processing by TxtFilesController#index as HTML
MONGODB | localhost:27017 | rails_app_development.find | STARTED | {"find"=>"txt_files", "filter"=>{}}
MONGODB | localhost:27017 | rails_app_development.find | SUCCEEDED | 0.000247444s
  Rendered txt_files/index.html.erb within layouts/application (2.0ms)
Completed 200 OK in 18ms (Views: 17.1ms)


Started GET "/txt_files/new" for 127.0.0.1 at 2016-01-06 21:23:12 +0200
Processing by TxtFilesController#new as HTML
  Rendered txt_files/_form.html.erb (1.2ms)
  Rendered txt_files/new.html.erb within layouts/application (1.8ms)
Completed 200 OK in 13ms (Views: 11.9ms)


Started GET "/txt_files" for 127.0.0.1 at 2016-01-06 21:23:16 +0200
Processing by TxtFilesController#index as HTML
MONGODB | localhost:27017 | rails_app_development.find | STARTED | {"find"=>"txt_files", "filter"=>{}}
MONGODB | localhost:27017 | rails_app_development.find | SUCCEEDED | 0.000201781s
  Rendered txt_files/index.html.erb within layouts/application (0.9ms)
Completed 200 OK in 68ms (Views: 67.9ms)


Started GET "/company" for 127.0.0.1 at 2016-01-06 21:33:44 +0200

ActionController::RoutingError (No route matches [GET] "/company"):
  actionpack (4.2.5) lib/action_dispatch/middleware/debug_exceptions.rb:21:in `call'
  web-console (2.2.1) lib/web_console/middleware.rb:39:in `call'
  actionpack (4.2.5) lib/action_dispatch/middleware/show_exceptions.rb:30:in `call'
  railties (4.2.5) lib/rails/rack/logger.rb:38:in `call_app'
  railties (4.2.5) lib/rails/rack/logger.rb:20:in `block in call'
  activesupport (4.2.5) lib/active_support/tagged_logging.rb:68:in `block in tagged'
  activesupport (4.2.5) lib/active_support/tagged_logging.rb:26:in `tagged'
  activesupport (4.2.5) lib/active_support/tagged_logging.rb:68:in `tagged'
  railties (4.2.5) lib/rails/rack/logger.rb:20:in `call'
  actionpack (4.2.5) lib/action_dispatch/middleware/request_id.rb:21:in `call'
  rack (1.6.4) lib/rack/methodoverride.rb:22:in `call'
  rack (1.6.4) lib/rack/runtime.rb:18:in `call'
  activesupport (4.2.5) lib/active_support/cache/strategy/local_cache_middleware.rb:28:in `call'
  rack (1.6.4) lib/rack/lock.rb:17:in `call'
  actionpack (4.2.5) lib/action_dispatch/middleware/static.rb:116:in `call'
  rack (1.6.4) lib/rack/sendfile.rb:113:in `call'
  railties (4.2.5) lib/rails/engine.rb:518:in `call'
  railties (4.2.5) lib/rails/application.rb:165:in `call'
  rack (1.6.4) lib/rack/lock.rb:17:in `call'
  rack (1.6.4) lib/rack/content_length.rb:15:in `call'
  rack (1.6.4) lib/rack/handler/webrick.rb:88:in `service'
  /home/ahmed/.rbenv/versions/2.0.0-p647/lib/ruby/2.0.0/webrick/httpserver.rb:138:in `service'
  /home/ahmed/.rbenv/versions/2.0.0-p647/lib/ruby/2.0.0/webrick/httpserver.rb:94:in `run'
  /home/ahmed/.rbenv/versions/2.0.0-p647/lib/ruby/2.0.0/webrick/server.rb:295:in `block in start_thread'


  Rendered /home/ahmed/.rbenv/versions/2.0.0-p647/lib/ruby/gems/2.0.0/gems/actionpack-4.2.5/lib/action_dispatch/middleware/templates/rescues/_trace.html.erb (0.9ms)
  Rendered /home/ahmed/.rbenv/versions/2.0.0-p647/lib/ruby/gems/2.0.0/gems/actionpack-4.2.5/lib/action_dispatch/middleware/templates/routes/_route.html.erb (0.9ms)
  Rendered /home/ahmed/.rbenv/versions/2.0.0-p647/lib/ruby/gems/2.0.0/gems/actionpack-4.2.5/lib/action_dispatch/middleware/templates/routes/_table.html.erb (1.4ms)
  Rendered /home/ahmed/.rbenv/versions/2.0.0-p647/lib/ruby/gems/2.0.0/gems/actionpack-4.2.5/lib/action_dispatch/middleware/templates/rescues/_request_and_response.html.erb (1.0ms)
  Rendered /home/ahmed/.rbenv/versions/2.0.0-p647/lib/ruby/gems/2.0.0/gems/actionpack-4.2.5/lib/action_dispatch/middleware/templates/rescues/routing_error.html.erb within rescues/layout (19.9ms)
  Rendered /home/ahmed/.rbenv/versions/2.0.0-p647/lib/ruby/gems/2.0.0/gems/web-console-2.2.1/lib/web_console/templates/_markup.html.erb (0.2ms)
  Rendered /home/ahmed/.rbenv/versions/2.0.0-p647/lib/ruby/gems/2.0.0/gems/web-console-2.2.1/lib/web_console/templates/_inner_console_markup.html.erb within layouts/inlined_string (0.3ms)
  Rendered /home/ahmed/.rbenv/versions/2.0.0-p647/lib/ruby/gems/2.0.0/gems/web-console-2.2.1/lib/web_console/templates/_prompt_box_markup.html.erb within layouts/inlined_string (0.3ms)
  Rendered /home/ahmed/.rbenv/versions/2.0.0-p647/lib/ruby/gems/2.0.0/gems/web-console-2.2.1/lib/web_console/templates/style.css.erb within layouts/inlined_string (0.3ms)
  Rendered /home/ahmed/.rbenv/versions/2.0.0-p647/lib/ruby/gems/2.0.0/gems/web-console-2.2.1/lib/web_console/templates/console.js.erb within layouts/javascript (11.3ms)
  Rendered /home/ahmed/.rbenv/versions/2.0.0-p647/lib/ruby/gems/2.0.0/gems/web-console-2.2.1/lib/web_console/templates/main.js.erb within layouts/javascript (0.2ms)
  Rendered /home/ahmed/.rbenv/versions/2.0.0-p647/lib/ruby/gems/2.0.0/gems/web-console-2.2.1/lib/web_console/templates/error_page.js.erb within layouts/javascript (0.2ms)
  Rendered /home/ahmed/.rbenv/versions/2.0.0-p647/lib/ruby/gems/2.0.0/gems/web-console-2.2.1/lib/web_console/templates/index.html.erb (22.2ms)


Started GET "/companies" for 127.0.0.1 at 2016-01-06 21:33:47 +0200
Processing by CompaniesController#index as HTML
MONGODB | localhost:27017 | rails_app_development.find | STARTED | {"find"=>"companies", "filter"=>{}}
MONGODB | localhost:27017 | rails_app_development.find | SUCCEEDED | 0.000211849s
  Rendered companies/index.html.erb within layouts/application (1.6ms)
Completed 200 OK in 201ms (Views: 195.9ms)


Started GET "/assets/companies.self-e3b0c44298fc1c149afbf4c8996fb92427ae41e4649b934ca495991b7852b855.css?body=1" for 127.0.0.1 at 2016-01-06 21:33:48 +0200


Started GET "/assets/companies.self-877aef30ae1b040ab8a3aba4e3e309a11d7f2612f44dde450b5c157aa5f95c05.js?body=1" for 127.0.0.1 at 2016-01-06 21:33:48 +0200


Started GET "/companies/new" for 127.0.0.1 at 2016-01-06 21:33:50 +0200
Processing by CompaniesController#new as HTML
  Rendered companies/_form.html.erb (2.8ms)
  Rendered companies/new.html.erb within layouts/application (4.0ms)
Completed 200 OK in 18ms (Views: 17.0ms)
